# JRE version: OpenJDK Runtime Environment AdoptOpenJDK (11.0.8+10) (build 11.0.8+10)
# Java VM: OpenJDK 64-Bit Server VM AdoptOpenJDK (11.0.8+10, mixed mode, tiered, compressed oops, g1 gc, windows-amd64)
Heap:
 garbage-first heap   total 524288K, used 92011K [0x0000000600c00000, 0x0000000800000000)
  region size 2048K, 38 young (77824K), 2 survivors (4096K)
 Metaspace       used 27080K, capacity 27428K, committed 27696K, reserved 1073152K
  class space    used 3007K, capacity 3100K, committed 3200K, reserved 1048576K
GC Heap History (6 events):
Event: 0.351 GC heap before
{Heap before GC invocations=0 (full 0):
 garbage-first heap   total 524288K, used 22528K [0x0000000600c00000, 0x0000000800000000)
  region size 2048K, 12 young (24576K), 0 survivors (0K)
 Metaspace       used 9812K, capacity 9910K, committed 9984K, reserved 1058816K
  class space    used 900K, capacity 958K, committed 1024K, reserved 1048576K
}
Event: 0.355 GC heap after
{Heap after GC invocations=1 (full 0):
 garbage-first heap   total 524288K, used 6456K [0x0000000600c00000, 0x0000000800000000)
  region size 2048K, 2 young (4096K), 2 survivors (4096K)
 Metaspace       used 9812K, capacity 9910K, committed 9984K, reserved 1058816K
  class space    used 900K, capacity 958K, committed 1024K, reserved 1048576K
}
Event: 1.036 GC heap before
{Heap before GC invocations=1 (full 0):
 garbage-first heap   total 524288K, used 90424K [0x0000000600c00000, 0x0000000800000000)
  region size 2048K, 44 young (90112K), 2 survivors (4096K)
 Metaspace       used 20930K, capacity 21124K, committed 21296K, reserved 1069056K
  class space    used 2353K, capacity 2401K, committed 2432K, reserved 1048576K
}
Event: 1.044 GC heap after
{Heap after GC invocations=2 (full 0):
 garbage-first heap   total 524288K, used 17038K [0x0000000600c00000, 0x0000000800000000)
  region size 2048K, 8 young (16384K), 8 survivors (16384K)
 Metaspace       used 20930K, capacity 21124K, committed 21296K, reserved 1069056K
  class space    used 2353K, capacity 2401K, committed 2432K, reserved 1048576K
}
Event: 1.379 GC heap before
{Heap before GC invocations=3 (full 0):
 garbage-first heap   total 524288K, used 41614K [0x0000000600c00000, 0x0000000800000000)
  region size 2048K, 20 young (40960K), 8 survivors (16384K)
 Metaspace       used 24488K, capacity 24755K, committed 24880K, reserved 1071104K
  class space    used 2788K, capacity 2897K, committed 2944K, reserved 1048576K
}
Event: 1.385 GC heap after
{Heap after GC invocations=4 (full 0):
 garbage-first heap   total 524288K, used 20331K [0x0000000600c00000, 0x0000000800000000)
  region size 2048K, 2 young (4096K), 2 survivors (4096K)
 Metaspace       used 24488K, capacity 24755K, committed 24880K, reserved 1071104K
  class space    used 2788K, capacity 2897K, committed 2944K, reserved 1048576K
}

