# JRE version: OpenJDK Runtime Environment (8.0_265-b01) (build 1.8.0_265-b01)
# Java VM: OpenJDK 64-Bit Server VM (25.265-b01 mixed mode windows-amd64 compressed oops)
Heap:
 PSYoungGen      total 147456K, used 7961K [0x00000000d5f80000, 0x00000000e0180000, 0x0000000100000000)
  eden space 132096K, 6% used [0x00000000d5f80000,0x00000000d67466f0,0x00000000de080000)
  from space 15360K, 0% used [0x00000000df080000,0x00000000df080000,0x00000000dff80000)
  to   space 16384K, 0% used [0x00000000de080000,0x00000000de080000,0x00000000df080000)
 ParOldGen       total 83968K, used 20211K [0x0000000081e00000, 0x0000000087000000, 0x00000000d5f80000)
  object space 83968K, 24% used [0x0000000081e00000,0x00000000831bce80,0x0000000087000000)
 Metaspace       used 21619K, capacity 21942K, committed 22192K, reserved 1069056K
  class space    used 2691K, capacity 2775K, committed 2816K, reserved 1048576K
GC Heap History (10 events):
Event: 0.771 GC heap before
{Heap before GC invocations=3 (full 0):
 PSYoungGen      total 38400K, used 38394K [0x00000000d5f80000, 0x00000000daa80000, 0x0000000100000000)
  eden space 33280K, 100% used [0x00000000d5f80000,0x00000000d8000000,0x00000000d8000000)
  from space 5120K, 99% used [0x00000000d8500000,0x00000000d89feb40,0x00000000d8a00000)
  to   space 5120K, 0% used [0x00000000d8000000,0x00000000d8000000,0x00000000d8500000)
 ParOldGen       total 87552K, used 11557K [0x0000000081e00000, 0x0000000087380000, 0x00000000d5f80000)
  object space 87552K, 13% used [0x0000000081e00000,0x00000000829497d8,0x0000000087380000)
 Metaspace       used 11951K, capacity 12072K, committed 12288K, reserved 1060864K
  class space    used 1499K, capacity 1526K, committed 1536K, reserved 1048576K
Event: 0.777 GC heap after
Heap after GC invocations=3 (full 0):
 PSYoungGen      total 38400K, used 5116K [0x00000000d5f80000, 0x00000000daa80000, 0x0000000100000000)
  eden space 33280K, 0% used [0x00000000d5f80000,0x00000000d5f80000,0x00000000d8000000)
  from space 5120K, 99% used [0x00000000d8000000,0x00000000d84ff0a0,0x00000000d8500000)
  to   space 5120K, 0% used [0x00000000da580000,0x00000000da580000,0x00000000daa80000)
 ParOldGen       total 87552K, used 19160K [0x0000000081e00000, 0x0000000087380000, 0x00000000d5f80000)
  object space 87552K, 21% used [0x0000000081e00000,0x00000000830b63d0,0x0000000087380000)
 Metaspace       used 11951K, capacity 12072K, committed 12288K, reserved 1060864K
  class space    used 1499K, capacity 1526K, committed 1536K, reserved 1048576K
}
Event: 1.054 GC heap before
{Heap before GC invocations=4 (full 0):
 PSYoungGen      total 38400K, used 38396K [0x00000000d5f80000, 0x00000000daa80000, 0x0000000100000000)
  eden space 33280K, 100% used [0x00000000d5f80000,0x00000000d8000000,0x00000000d8000000)
  from space 5120K, 99% used [0x00000000d8000000,0x00000000d84ff0a0,0x00000000d8500000)
  to   space 5120K, 0% used [0x00000000da580000,0x00000000da580000,0x00000000daa80000)
 ParOldGen       total 87552K, used 19160K [0x0000000081e00000, 0x0000000087380000, 0x00000000d5f80000)
  object space 87552K, 21% used [0x0000000081e00000,0x00000000830b63d0,0x0000000087380000)
 Metaspace       used 15891K, capacity 16030K, committed 16256K, reserved 1062912K
  class space    used 2060K, capacity 2111K, committed 2176K, reserved 1048576K
Event: 1.061 GC heap after
Heap after GC invocations=4 (full 0):
 PSYoungGen      total 71680K, used 5115K [0x00000000d5f80000, 0x00000000daa80000, 0x0000000100000000)
  eden space 66560K, 0% used [0x00000000d5f80000,0x00000000d5f80000,0x00000000da080000)
  from space 5120K, 99% used [0x00000000da580000,0x00000000daa7ecc0,0x00000000daa80000)
  to   space 5120K, 0% used [0x00000000da080000,0x00000000da080000,0x00000000da580000)
 ParOldGen       total 87552K, used 26047K [0x0000000081e00000, 0x0000000087380000, 0x00000000d5f80000)
  object space 87552K, 29% used [0x0000000081e00000,0x000000008376fea0,0x0000000087380000)
 Metaspace       used 15891K, capacity 16030K, committed 16256K, reserved 1062912K
  class space    used 2060K, capacity 2111K, committed 2176K, reserved 1048576K
}
Event: 1.785 GC heap before
{Heap before GC invocations=5 (full 0):
 PSYoungGen      total 71680K, used 71675K [0x00000000d5f80000, 0x00000000daa80000, 0x0000000100000000)
  eden space 66560K, 100% used [0x00000000d5f80000,0x00000000da080000,0x00000000da080000)
  from space 5120K, 99% used [0x00000000da580000,0x00000000daa7ecc0,0x00000000daa80000)
  to   space 5120K, 0% used [0x00000000da080000,0x00000000da080000,0x00000000da580000)
 ParOldGen       total 87552K, used 26047K [0x0000000081e00000, 0x0000000087380000, 0x00000000d5f80000)
  object space 87552K, 29% used [0x0000000081e00000,0x000000008376fea0,0x0000000087380000)
 Metaspace       used 20538K, capacity 20844K, committed 20864K, reserved 1067008K
  class space    used 2590K, capacity 2672K, committed 2688K, reserved 1048576K
Event: 1.797 GC heap after
Heap after GC invocations=5 (full 0):
 PSYoungGen      total 71680K, used 5099K [0x00000000d5f80000, 0x00000000dff80000, 0x0000000100000000)
  eden space 66560K, 0% used [0x00000000d5f80000,0x00000000d5f80000,0x00000000da080000)
  from space 5120K, 99% used [0x00000000da080000,0x00000000da57acd0,0x00000000da580000)
  to   space 15360K, 0% used [0x00000000df080000,0x00000000df080000,0x00000000dff80000)
 ParOldGen       total 87552K, used 32517K [0x0000000081e00000, 0x0000000087380000, 0x00000000d5f80000)
  object space 87552K, 37% used [0x0000000081e00000,0x0000000083dc1798,0x0000000087380000)
 Metaspace       used 20538K, capacity 20844K, committed 20864K, reserved 1067008K
  class space    used 2590K, capacity 2672K, committed 2688K, reserved 1048576K
}
Event: 1.992 GC heap before
{Heap before GC invocations=6 (full 0):
 PSYoungGen      total 71680K, used 45851K [0x00000000d5f80000, 0x00000000dff80000, 0x0000000100000000)
  eden space 66560K, 61% used [0x00000000d5f80000,0x00000000d874c2f0,0x00000000da080000)
  from space 5120K, 99% used [0x00000000da080000,0x00000000da57acd0,0x00000000da580000)
  to   space 15360K, 0% used [0x00000000df080000,0x00000000df080000,0x00000000dff80000)
 ParOldGen       total 87552K, used 32517K [0x0000000081e00000, 0x0000000087380000, 0x00000000d5f80000)
  object space 87552K, 37% used [0x0000000081e00000,0x0000000083dc1798,0x0000000087380000)
 Metaspace       used 20866K, capacity 21142K, committed 21296K, reserved 1069056K
  class space    used 2602K, capacity 2679K, committed 2688K, reserved 1048576K
Event: 1.998 GC heap after
Heap after GC invocations=6 (full 0):
 PSYoungGen      total 147456K, used 5004K [0x00000000d5f80000, 0x00000000e0180000, 0x0000000100000000)
  eden space 132096K, 0% used [0x00000000d5f80000,0x00000000d5f80000,0x00000000de080000)
  from space 15360K, 32% used [0x00000000df080000,0x00000000df5630b0,0x00000000dff80000)
  to   space 16384K, 0% used [0x00000000de080000,0x00000000de080000,0x00000000df080000)
 ParOldGen       total 87552K, used 32525K [0x0000000081e00000, 0x0000000087380000, 0x00000000d5f80000)
  object space 87552K, 37% used [0x0000000081e00000,0x0000000083dc3798,0x0000000087380000)
 Metaspace       used 20866K, capacity 21142K, committed 21296K, reserved 1069056K
  class space    used 2602K, capacity 2679K, committed 2688K, reserved 1048576K
}
Event: 1.998 GC heap before
{Heap before GC invocations=7 (full 1):
 PSYoungGen      total 147456K, used 5004K [0x00000000d5f80000, 0x00000000e0180000, 0x0000000100000000)
  eden space 132096K, 0% used [0x00000000d5f80000,0x00000000d5f80000,0x00000000de080000)
  from space 15360K, 32% used [0x00000000df080000,0x00000000df5630b0,0x00000000dff80000)
  to   space 16384K, 0% used [0x00000000de080000,0x00000000de080000,0x00000000df080000)
 ParOldGen       total 87552K, used 32525K [0x0000000081e00000, 0x0000000087380000, 0x00000000d5f80000)
  object space 87552K, 37% used [0x0000000081e00000,0x0000000083dc3798,0x0000000087380000)
 Metaspace       used 20866K, capacity 21142K, committed 21296K, reserved 1069056K
  class space    used 2602K, capacity 2679K, committed 2688K, reserved 1048576K
Event: 2.064 GC heap after
Heap after GC invocations=7 (full 1):
 PSYoungGen      total 147456K, used 0K [0x00000000d5f80000, 0x00000000e0180000, 0x0000000100000000)
  eden space 132096K, 0% used [0x00000000d5f80000,0x00000000d5f80000,0x00000000de080000)
  from space 15360K, 0% used [0x00000000df080000,0x00000000df080000,0x00000000dff80000)
  to   space 16384K, 0% used [0x00000000de080000,0x00000000de080000,0x00000000df080000)
 ParOldGen       total 83968K, used 20211K [0x0000000081e00000, 0x0000000087000000, 0x00000000d5f80000)
  object space 83968K, 24% used [0x0000000081e00000,0x00000000831bce80,0x0000000087000000)
 Metaspace       used 20866K, capacity 21142K, committed 21296K, reserved 1069056K
  class space    used 2602K, capacity 2679K, committed 2688K, reserved 1048576K
}

