# JRE version: OpenJDK Runtime Environment AdoptOpenJDK (11.0.8+10) (build 11.0.8+10)
# Java VM: OpenJDK 64-Bit Server VM AdoptOpenJDK (11.0.8+10, mixed mode, tiered, compressed oops, g1 gc, windows-amd64)
Heap:
 garbage-first heap   total 524288K, used 74747K [0x0000000600c00000, 0x0000000800000000)
  region size 2048K, 30 young (61440K), 3 survivors (6144K)
 Metaspace       used 27080K, capacity 27428K, committed 27696K, reserved 1073152K
  class space    used 3007K, capacity 3100K, committed 3200K, reserved 1048576K
GC Heap History (6 events):
Event: 0.281 GC heap before
{Heap before GC invocations=0 (full 0):
 garbage-first heap   total 524288K, used 22528K [0x0000000600c00000, 0x0000000800000000)
  region size 2048K, 12 young (24576K), 0 survivors (0K)
 Metaspace       used 9811K, capacity 9910K, committed 9984K, reserved 1058816K
  class space    used 900K, capacity 958K, committed 1024K, reserved 1048576K
}
Event: 0.284 GC heap after
{Heap after GC invocations=1 (full 0):
 garbage-first heap   total 524288K, used 6530K [0x0000000600c00000, 0x0000000800000000)
  region size 2048K, 2 young (4096K), 2 survivors (4096K)
 Metaspace       used 9811K, capacity 9910K, committed 9984K, reserved 1058816K
  class space    used 900K, capacity 958K, committed 1024K, reserved 1048576K
}
Event: 0.864 GC heap before
{Heap before GC invocations=1 (full 0):
 garbage-first heap   total 524288K, used 90498K [0x0000000600c00000, 0x0000000800000000)
  region size 2048K, 44 young (90112K), 2 survivors (4096K)
 Metaspace       used 20920K, capacity 21124K, committed 21296K, reserved 1069056K
  class space    used 2353K, capacity 2401K, committed 2432K, reserved 1048576K
}
Event: 0.871 GC heap after
{Heap after GC invocations=2 (full 0):
 garbage-first heap   total 524288K, used 16974K [0x0000000600c00000, 0x0000000800000000)
  region size 2048K, 8 young (16384K), 8 survivors (16384K)
 Metaspace       used 20920K, capacity 21124K, committed 21296K, reserved 1069056K
  class space    used 2353K, capacity 2401K, committed 2432K, reserved 1048576K
}
Event: 1.339 GC heap before
{Heap before GC invocations=3 (full 0):
 garbage-first heap   total 524288K, used 59982K [0x0000000600c00000, 0x0000000800000000)
  region size 2048K, 29 young (59392K), 8 survivors (16384K)
 Metaspace       used 25507K, capacity 25783K, committed 26032K, reserved 1073152K
  class space    used 2884K, capacity 2985K, committed 3072K, reserved 1048576K
}
Event: 1.345 GC heap after
{Heap after GC invocations=4 (full 0):
 garbage-first heap   total 524288K, used 21499K [0x0000000600c00000, 0x0000000800000000)
  region size 2048K, 3 young (6144K), 3 survivors (6144K)
 Metaspace       used 25507K, capacity 25783K, committed 26032K, reserved 1073152K
  class space    used 2884K, capacity 2985K, committed 3072K, reserved 1048576K
}

